<?xml version="1.0" encoding="UTF-8"?>
<!-- Generated by org.testng.reporters.JUnitReportReporter -->
<testsuite hostname="02854eede6d5" failures="0" tests="20" name="com.newtours.test.BookFlightTest" time="21.523" errors="0" timestamp="2022-04-07T18:49:56 GMT" skipped="0">
  <testcase classname="com.newtours.test.BookFlightTest" name="FlightDetailsPageTest" time="1.637"/>
  <system-out/>
  <testcase classname="com.newtours.test.BookFlightTest" name="FlightConfirmationPageTest" time="0.324"/>
  <system-out/>
  <testcase classname="com.newtours.test.BookFlightTest" name="FindFlightPageTest" time="0.563"/>
  <system-out/>
  <testcase classname="com.newtours.test.BookFlightTest" name="registrationPageTest" time="2.209"/>
  <system-out/>
  <testcase classname="com.newtours.test.BookFlightTest" name="registrationPageTest" time="3.530"/>
  <system-out/>
  <testcase classname="com.newtours.test.BookFlightTest" name="registrationPageTest" time="3.214"/>
  <system-out/>
  <testcase classname="com.newtours.test.BookFlightTest" name="FlightDetailsPageTest" time="1.624"/>
  <system-out/>
  <testcase classname="com.newtours.test.BookFlightTest" name="FlightDetailsPageTest" time="1.492"/>
  <system-out/>
  <testcase classname="com.newtours.test.BookFlightTest" name="FindFlightPageTest" time="0.605"/>
  <system-out/>
  <testcase classname="com.newtours.test.BookFlightTest" name="registrationConfirmationPageTest" time="0.089"/>
  <system-out/>
  <testcase classname="com.newtours.test.BookFlightTest" name="FlightDetailsPageTest" time="1.634"/>
  <system-out/>
  <testcase classname="com.newtours.test.BookFlightTest" name="FlightConfirmationPageTest" time="0.348"/>
  <system-out/>
  <testcase classname="com.newtours.test.BookFlightTest" name="FindFlightPageTest" time="0.573"/>
  <system-out/>
  <testcase classname="com.newtours.test.BookFlightTest" name="FindFlightPageTest" time="0.538"/>
  <system-out/>
  <testcase classname="com.newtours.test.BookFlightTest" name="registrationConfirmationPageTest" time="0.073"/>
  <system-out/>
  <testcase classname="com.newtours.test.BookFlightTest" name="registrationPageTest" time="2.171"/>
  <system-out/>
  <testcase classname="com.newtours.test.BookFlightTest" name="FlightConfirmationPageTest" time="0.349"/>
  <system-out/>
  <testcase classname="com.newtours.test.BookFlightTest" name="registrationConfirmationPageTest" time="0.137"/>
  <system-out/>
  <testcase classname="com.newtours.test.BookFlightTest" name="registrationConfirmationPageTest" time="0.078"/>
  <system-out/>
  <testcase classname="com.newtours.test.BookFlightTest" name="FlightConfirmationPageTest" time="0.335"/>
  <system-out/>
</testsuite> <!-- com.newtours.test.BookFlightTest -->
