<?xml version="1.0" encoding="UTF-8"?>
<!-- Generated by org.testng.reporters.JUnitReportReporter -->
<testsuite hostname="3f776ade257e" failures="0" tests="6" name="com.searchmodule.tests.SearchTest" time="17.921" errors="0" timestamp="2022-04-07T18:46:54 GMT" skipped="0">
  <testcase classname="com.searchmodule.tests.SearchTest" name="search" time="2.825"/>
  <system-out/>
  <testcase classname="com.searchmodule.tests.SearchTest" name="search" time="3.080"/>
  <system-out/>
  <testcase classname="com.searchmodule.tests.SearchTest" name="search" time="3.455"/>
  <system-out/>
  <testcase classname="com.searchmodule.tests.SearchTest" name="search" time="2.947"/>
  <system-out/>
  <testcase classname="com.searchmodule.tests.SearchTest" name="search" time="2.680"/>
  <system-out/>
  <testcase classname="com.searchmodule.tests.SearchTest" name="search" time="2.934"/>
  <system-out/>
</testsuite> <!-- com.searchmodule.tests.SearchTest -->
